<?xml version="1.0" encoding="UTF-8"?>
<testng-results skipped="0" failed="0" ignored="0" total="1" passed="1">
  <reporter-output>
  </reporter-output>
  <suite name="Default suite" duration-ms="52321" started-at="2020-07-21T13:46:02Z" finished-at="2020-07-21T13:46:55Z">
    <groups>
    </groups>
    <test name="Default test" duration-ms="52321" started-at="2020-07-21T13:46:02Z" finished-at="2020-07-21T13:46:55Z">
      <class name="ebay.com.DriverTestFile">
        <test-method status="PASS" signature="mytest()[pri:0, instance:ebay.com.DriverTestFile@3a8624]" name="mytest" duration-ms="52237" started-at="2020-07-21T13:46:03Z" finished-at="2020-07-21T13:46:55Z">
          <reporter-output>
          </reporter-output>
        </test-method> <!-- mytest -->
      </class> <!-- ebay.com.DriverTestFile -->
    </test> <!-- Default test -->
  </suite> <!-- Default suite -->
</testng-results>
